#
# There is insufficient memory for the Java Runtime Environment to continue.
# Native memory allocation (malloc) failed to allocate 1354992 bytes for Chunk::new
# Possible reasons:
#   The system is out of physical RAM or swap space
#   The process is running with CompressedOops enabled, and the Java Heap may be blocking the growth of the native heap
# Possible solutions:
#   Reduce memory load on the system
#   Increase physical memory or swap space
#   Check if swap backing store is full
#   Decrease Java heap size (-Xmx/-Xms)
#   Decrease number of Java threads
#   Decrease Java thread stack sizes (-Xss)
#   Set larger code cache with -XX:ReservedCodeCacheSize=
#   JVM is running with Zero Based Compressed Oops mode in which the Java heap is
#     placed in the first 32GB address space. The Java Heap base address is the
#     maximum limit for the native heap growth. Please use -XX:HeapBaseMinAddress
#     to set the Java Heap base and to place the Java Heap above 32GB virtual address.
# This output file may be truncated or incomplete.
#
#  Out of Memory Error (allocation.cpp:389), pid=23512, tid=0x000000000000655c
#
# JRE version: Java(TM) SE Runtime Environment (8.0_301-b09) (build 1.8.0_301-b09)
# Java VM: Java HotSpot(TM) 64-Bit Server VM (25.301-b09 mixed mode windows-amd64 compressed oops)
# Failed to write core dump. Minidumps are not enabled by default on client versions of Windows
#

---------------  T H R E A D  ---------------

Current thread (0x00000146106c1800):  JavaThread "C2 CompilerThread2" daemon [_thread_in_native, id=25948, stack(0x0000002981200000,0x0000002981300000)]

Stack: [0x0000002981200000,0x0000002981300000]
Native frames: (J=compiled Java code, j=interpreted, Vv=VM code, C=native code)
V  [jvm.dll+0x32ed79]
V  [jvm.dll+0x275722]
V  [jvm.dll+0x2763cd]
V  [jvm.dll+0x26ce05]
V  [jvm.dll+0xd551c]
V  [jvm.dll+0xd5d1c]
V  [jvm.dll+0x470195]
V  [jvm.dll+0x437c50]
V  [jvm.dll+0x440c55]
V  [jvm.dll+0x440015]
V  [jvm.dll+0x42ae57]
V  [jvm.dll+0xac1bb]
V  [jvm.dll+0xaa81b]
V  [jvm.dll+0x23ddc2]
V  [jvm.dll+0x2923dc]
C  [ucrtbase.dll+0x21bb2]
C  [KERNEL32.DLL+0x17034]
C  [ntdll.dll+0x52651]


Current CompileTask:
C2:   2883 3406       4       org.springframework.core.annotation.TypeMappedAnnotations::get (52 bytes)


---------------  P R O C E S S  ---------------

Java Threads: ( => current thread )
  0x000001461355a800 JavaThread "boundedElastic-evictor-1" daemon [_thread_blocked, id=5536, stack(0x0000002981600000,0x0000002981700000)]
  0x0000014610762800 JavaThread "Service Thread" daemon [_thread_blocked, id=2960, stack(0x0000002981400000,0x0000002981500000)]
  0x00000146106da000 JavaThread "C1 CompilerThread3" daemon [_thread_blocked, id=13428, stack(0x0000002981300000,0x0000002981400000)]
=>0x00000146106c1800 JavaThread "C2 CompilerThread2" daemon [_thread_in_native, id=25948, stack(0x0000002981200000,0x0000002981300000)]
  0x00000146106c0800 JavaThread "C2 CompilerThread1" daemon [_thread_in_native, id=24244, stack(0x0000002981100000,0x0000002981200000)]
  0x00000146106bd000 JavaThread "C2 CompilerThread0" daemon [_thread_in_native, id=9596, stack(0x0000002981000000,0x0000002981100000)]
  0x0000014610682000 JavaThread "Monitor Ctrl-Break" daemon [_thread_in_native, id=25292, stack(0x0000002980f00000,0x0000002981000000)]
  0x000001467f368800 JavaThread "Attach Listener" daemon [_thread_blocked, id=14728, stack(0x0000002980e00000,0x0000002980f00000)]
  0x000001467f367800 JavaThread "Signal Dispatcher" daemon [_thread_blocked, id=11808, stack(0x0000002980d00000,0x0000002980e00000)]
  0x000001467f340800 JavaThread "Finalizer" daemon [_thread_blocked, id=24128, stack(0x0000002980c00000,0x0000002980d00000)]
  0x000001467f339800 JavaThread "Reference Handler" daemon [_thread_blocked, id=19056, stack(0x0000002980b00000,0x0000002980c00000)]
  0x0000014673784000 JavaThread "main" [_thread_in_native, id=27324, stack(0x0000002980100000,0x0000002980200000)]

Other Threads:
  0x000001467f30f800 VMThread [stack: 0x0000002980a00000,0x0000002980b00000] [id=26120]
  0x00000146107cb800 WatcherThread [stack: 0x0000002981500000,0x0000002981600000] [id=26156]

VM state:not at safepoint (normal execution)

VM Mutex/Monitor currently owned by a thread: None

heap address: 0x00000006c3200000, size: 4046 MB, Compressed Oops mode: Zero based, Oop shift amount: 3
Narrow klass base: 0x0000000000000000, Narrow klass shift: 3
Compressed class space size: 1073741824 Address: 0x00000007c0000000

Heap:
 PSYoungGen      total 198144K, used 10283K [0x000000076bb80000, 0x000000077a600000, 0x00000007c0000000)
  eden space 183296K, 5% used [0x000000076bb80000,0x000000076c58ad50,0x0000000776e80000)
  from space 14848K, 0% used [0x0000000777e00000,0x0000000777e00000,0x0000000778c80000)
  to   space 15872K, 0% used [0x0000000776e80000,0x0000000776e80000,0x0000000777e00000)
 ParOldGen       total 142336K, used 15234K [0x00000006c3200000, 0x00000006cbd00000, 0x000000076bb80000)
  object space 142336K, 10% used [0x00000006c3200000,0x00000006c40e0b90,0x00000006cbd00000)
 Metaspace       used 33889K, capacity 35916K, committed 36096K, reserved 1081344K
  class space    used 4438K, capacity 4830K, committed 4864K, reserved 1048576K

Card table byte_map: [0x00000146754e0000,0x0000014675cd0000] byte_map_base: 0x0000014671ec7000

Marking Bits: (ParMarkBitMap*) 0x000000005bae7fe0
 Begin Bits: [0x0000014676220000, 0x000001467a158000)
 End Bits:   [0x000001467a158000, 0x000001467e090000)

Polling page: 0x00000146750f0000

CodeCache: size=245760Kb used=13355Kb max_used=13355Kb free=232404Kb
 bounds [0x0000014600000000, 0x0000014600d20000, 0x000001460f000000]
 total_blobs=3940 nmethods=3522 adapters=329
 compilation: enabled

Compilation events (10 events):
Event: 2.755 Thread 0x00000146106da000 3562   !   3       org.springframework.beans.factory.support.AbstractBeanFactory::doResolveBeanClass (284 bytes)
Event: 2.756 Thread 0x00000146106da000 nmethod 3562 0x0000014600d0bd90 code [0x0000014600d0c240, 0x0000014600d0fb30]
Event: 2.757 Thread 0x00000146106da000 3564       3       java.util.stream.StreamOpFlag::isKnown (19 bytes)
Event: 2.757 Thread 0x00000146106da000 nmethod 3564 0x0000014600110f10 code [0x0000014600111060, 0x0000014600111218]
Event: 2.757 Thread 0x00000146106da000 3563       3       java.util.Optional::ofNullable (15 bytes)
Event: 2.757 Thread 0x00000146106da000 nmethod 3563 0x0000014600d11410 code [0x0000014600d115c0, 0x0000014600d11a90]
Event: 2.757 Thread 0x00000146106da000 3565       3       sun.reflect.generics.reflectiveObjects.ParameterizedTypeImpl::<init> (35 bytes)
Event: 2.757 Thread 0x00000146106da000 nmethod 3565 0x0000014600d11d10 code [0x0000014600d11ec0, 0x0000014600d12460]
Event: 2.759 Thread 0x00000146106da000 3566       3       org.springframework.util.ReflectionUtils::makeAccessible (36 bytes)
Event: 2.759 Thread 0x00000146106da000 nmethod 3566 0x0000014600d12710 code [0x0000014600d128e0, 0x0000014600d13150]

GC Heap History (10 events):
Event: 1.296 GC heap before
{Heap before GC invocations=4 (full 1):
 PSYoungGen      total 75776K, used 5949K [0x000000076bb80000, 0x0000000774f80000, 0x00000007c0000000)
  eden space 65024K, 0% used [0x000000076bb80000,0x000000076bb80000,0x000000076fb00000)
  from space 10752K, 55% used [0x000000076fb00000,0x00000007700cf760,0x0000000770580000)
  to   space 10752K, 0% used [0x0000000774500000,0x0000000774500000,0x0000000774f80000)
 ParOldGen       total 173568K, used 249K [0x00000006c3200000, 0x00000006cdb80000, 0x000000076bb80000)
  object space 173568K, 0% used [0x00000006c3200000,0x00000006c323e728,0x00000006cdb80000)
 Metaspace       used 20265K, capacity 21154K, committed 21248K, reserved 1067008K
  class space    used 2551K, capacity 2771K, committed 2816K, reserved 1048576K
Event: 1.312 GC heap after
Heap after GC invocations=4 (full 1):
 PSYoungGen      total 75776K, used 0K [0x000000076bb80000, 0x0000000774f80000, 0x00000007c0000000)
  eden space 65024K, 0% used [0x000000076bb80000,0x000000076bb80000,0x000000076fb00000)
  from space 10752K, 0% used [0x000000076fb00000,0x000000076fb00000,0x0000000770580000)
  to   space 10752K, 0% used [0x0000000774500000,0x0000000774500000,0x0000000774f80000)
 ParOldGen       total 88576K, used 5846K [0x00000006c3200000, 0x00000006c8880000, 0x000000076bb80000)
  object space 88576K, 6% used [0x00000006c3200000,0x00000006c37b5be8,0x00000006c8880000)
 Metaspace       used 20265K, capacity 21154K, committed 21248K, reserved 1067008K
  class space    used 2551K, capacity 2771K, committed 2816K, reserved 1048576K
}
Event: 1.586 GC heap before
{Heap before GC invocations=5 (full 1):
 PSYoungGen      total 75776K, used 65024K [0x000000076bb80000, 0x0000000774f80000, 0x00000007c0000000)
  eden space 65024K, 100% used [0x000000076bb80000,0x000000076fb00000,0x000000076fb00000)
  from space 10752K, 0% used [0x000000076fb00000,0x000000076fb00000,0x0000000770580000)
  to   space 10752K, 0% used [0x0000000774500000,0x0000000774500000,0x0000000774f80000)
 ParOldGen       total 88576K, used 5846K [0x00000006c3200000, 0x00000006c8880000, 0x000000076bb80000)
  object space 88576K, 6% used [0x00000006c3200000,0x00000006c37b5be8,0x00000006c8880000)
 Metaspace       used 22191K, capacity 23232K, committed 23552K, reserved 1069056K
  class space    used 2773K, capacity 2988K, committed 3072K, reserved 1048576K
Event: 1.589 GC heap after
Heap after GC invocations=5 (full 1):
 PSYoungGen      total 116736K, used 5868K [0x000000076bb80000, 0x0000000774b00000, 0x00000007c0000000)
  eden space 110592K, 0% used [0x000000076bb80000,0x000000076bb80000,0x0000000772780000)
  from space 6144K, 95% used [0x0000000774500000,0x0000000774abb1e8,0x0000000774b00000)
  to   space 10752K, 0% used [0x0000000773600000,0x0000000773600000,0x0000000774080000)
 ParOldGen       total 88576K, used 5854K [0x00000006c3200000, 0x00000006c8880000, 0x000000076bb80000)
  object space 88576K, 6% used [0x00000006c3200000,0x00000006c37b7be8,0x00000006c8880000)
 Metaspace       used 22191K, capacity 23232K, committed 23552K, reserved 1069056K
  class space    used 2773K, capacity 2988K, committed 3072K, reserved 1048576K
}
Event: 2.242 GC heap before
{Heap before GC invocations=6 (full 1):
 PSYoungGen      total 116736K, used 116460K [0x000000076bb80000, 0x0000000774b00000, 0x00000007c0000000)
  eden space 110592K, 100% used [0x000000076bb80000,0x0000000772780000,0x0000000772780000)
  from space 6144K, 95% used [0x0000000774500000,0x0000000774abb1e8,0x0000000774b00000)
  to   space 10752K, 0% used [0x0000000773600000,0x0000000773600000,0x0000000774080000)
 ParOldGen       total 88576K, used 5854K [0x00000006c3200000, 0x00000006c8880000, 0x000000076bb80000)
  object space 88576K, 6% used [0x00000006c3200000,0x00000006c37b7be8,0x00000006c8880000)
 Metaspace       used 29260K, capacity 30662K, committed 30720K, reserved 1075200K
  class space    used 3762K, capacity 4061K, committed 4096K, reserved 1048576K
Event: 2.251 GC heap after
Heap after GC invocations=6 (full 1):
 PSYoungGen      total 136192K, used 10729K [0x000000076bb80000, 0x0000000778c80000, 0x00000007c0000000)
  eden space 125440K, 0% used [0x000000076bb80000,0x000000076bb80000,0x0000000773600000)
  from space 10752K, 99% used [0x0000000773600000,0x000000077407a6c8,0x0000000774080000)
  to   space 14848K, 0% used [0x0000000777e00000,0x0000000777e00000,0x0000000778c80000)
 ParOldGen       total 88576K, used 8044K [0x00000006c3200000, 0x00000006c8880000, 0x000000076bb80000)
  object space 88576K, 9% used [0x00000006c3200000,0x00000006c39db0d8,0x00000006c8880000)
 Metaspace       used 29260K, capacity 30662K, committed 30720K, reserved 1075200K
  class space    used 3762K, capacity 4061K, committed 4096K, reserved 1048576K
}
Event: 2.621 GC heap before
{Heap before GC invocations=7 (full 1):
 PSYoungGen      total 136192K, used 68154K [0x000000076bb80000, 0x0000000778c80000, 0x00000007c0000000)
  eden space 125440K, 45% used [0x000000076bb80000,0x000000076f3943b0,0x0000000773600000)
  from space 10752K, 99% used [0x0000000773600000,0x000000077407a6c8,0x0000000774080000)
  to   space 14848K, 0% used [0x0000000777e00000,0x0000000777e00000,0x0000000778c80000)
 ParOldGen       total 88576K, used 8044K [0x00000006c3200000, 0x00000006c8880000, 0x000000076bb80000)
  object space 88576K, 9% used [0x00000006c3200000,0x00000006c39db0d8,0x00000006c8880000)
 Metaspace       used 33520K, capacity 35374K, committed 35416K, reserved 1079296K
  class space    used 4366K, capacity 4707K, committed 4736K, reserved 1048576K
Event: 2.629 GC heap after
Heap after GC invocations=7 (full 1):
 PSYoungGen      total 198144K, used 11940K [0x000000076bb80000, 0x000000077a600000, 0x00000007c0000000)
  eden space 183296K, 0% used [0x000000076bb80000,0x000000076bb80000,0x0000000776e80000)
  from space 14848K, 80% used [0x0000000777e00000,0x00000007789a9158,0x0000000778c80000)
  to   space 15872K, 0% used [0x0000000776e80000,0x0000000776e80000,0x0000000777e00000)
 ParOldGen       total 88576K, used 8052K [0x00000006c3200000, 0x00000006c8880000, 0x000000076bb80000)
  object space 88576K, 9% used [0x00000006c3200000,0x00000006c39dd0d8,0x00000006c8880000)
 Metaspace       used 33520K, capacity 35374K, committed 35416K, reserved 1079296K
  class space    used 4366K, capacity 4707K, committed 4736K, reserved 1048576K
}
Event: 2.629 GC heap before
{Heap before GC invocations=8 (full 2):
 PSYoungGen      total 198144K, used 11940K [0x000000076bb80000, 0x000000077a600000, 0x00000007c0000000)
  eden space 183296K, 0% used [0x000000076bb80000,0x000000076bb80000,0x0000000776e80000)
  from space 14848K, 80% used [0x0000000777e00000,0x00000007789a9158,0x0000000778c80000)
  to   space 15872K, 0% used [0x0000000776e80000,0x0000000776e80000,0x0000000777e00000)
 ParOldGen       total 88576K, used 8052K [0x00000006c3200000, 0x00000006c8880000, 0x000000076bb80000)
  object space 88576K, 9% used [0x00000006c3200000,0x00000006c39dd0d8,0x00000006c8880000)
 Metaspace       used 33520K, capacity 35374K, committed 35416K, reserved 1079296K
  class space    used 4366K, capacity 4707K, committed 4736K, reserved 1048576K
Event: 2.681 GC heap after
Heap after GC invocations=8 (full 2):
 PSYoungGen      total 198144K, used 0K [0x000000076bb80000, 0x000000077a600000, 0x00000007c0000000)
  eden space 183296K, 0% used [0x000000076bb80000,0x000000076bb80000,0x0000000776e80000)
  from space 14848K, 0% used [0x0000000777e00000,0x0000000777e00000,0x0000000778c80000)
  to   space 15872K, 0% used [0x0000000776e80000,0x0000000776e80000,0x0000000777e00000)
 ParOldGen       total 142336K, used 15234K [0x00000006c3200000, 0x00000006cbd00000, 0x000000076bb80000)
  object space 142336K, 10% used [0x00000006c3200000,0x00000006c40e0b90,0x00000006cbd00000)
 Metaspace       used 33520K, capacity 35374K, committed 35416K, reserved 1079296K
  class space    used 4366K, capacity 4707K, committed 4736K, reserved 1048576K
}

Deoptimization events (10 events):
Event: 2.550 Thread 0x0000014673784000 Uncommon trap: reason=bimorphic action=maybe_recompile pc=0x00000146008fcdb8 method=org.springframework.core.annotation.TypeMappedAnnotation.getValue(IZZ)Ljava/lang/Object; @ 121
Event: 2.609 Thread 0x0000014673784000 Uncommon trap: reason=unstable_if action=reinterpret pc=0x0000014600af737c method=org.springframework.beans.factory.support.AbstractBeanFactory.isTypeMatch(Ljava/lang/String;Lorg/springframework/core/ResolvableType;Z)Z @ 34
Event: 2.618 Thread 0x0000014673784000 Uncommon trap: reason=bimorphic action=maybe_recompile pc=0x0000014600c26b08 method=org.aspectj.weaver.World.resolve(Lorg/aspectj/weaver/ResolvedType;)Lorg/aspectj/weaver/ResolvedType; @ 1
Event: 2.619 Thread 0x0000014673784000 Uncommon trap: reason=bimorphic action=maybe_recompile pc=0x0000014600c26b08 method=org.aspectj.weaver.World.resolve(Lorg/aspectj/weaver/ResolvedType;)Lorg/aspectj/weaver/ResolvedType; @ 1
Event: 2.691 Thread 0x0000014673784000 Uncommon trap: reason=bimorphic action=maybe_recompile pc=0x0000014600c26b08 method=org.aspectj.weaver.World.resolve(Lorg/aspectj/weaver/ResolvedType;)Lorg/aspectj/weaver/ResolvedType; @ 1
Event: 2.691 Thread 0x0000014673784000 Uncommon trap: reason=bimorphic action=maybe_recompile pc=0x0000014600c26b08 method=org.aspectj.weaver.World.resolve(Lorg/aspectj/weaver/ResolvedType;)Lorg/aspectj/weaver/ResolvedType; @ 1
Event: 2.699 Thread 0x0000014673784000 Uncommon trap: reason=bimorphic action=maybe_recompile pc=0x0000014600b39600 method=java.util.Collections$SetFromMap.contains(Ljava/lang/Object;)Z @ 5
Event: 2.743 Thread 0x0000014673784000 Uncommon trap: reason=class_check action=maybe_recompile pc=0x0000014600768ee0 method=java.lang.reflect.Array.newInstance(Ljava/lang/Class;I)Ljava/lang/Object; @ 2
Event: 2.744 Thread 0x0000014673784000 Uncommon trap: reason=class_check action=maybe_recompile pc=0x0000014600768ee0 method=java.lang.reflect.Array.newInstance(Ljava/lang/Class;I)Ljava/lang/Object; @ 2
Event: 2.744 Thread 0x0000014673784000 Uncommon trap: reason=class_check action=maybe_recompile pc=0x0000014600768ee0 method=java.lang.reflect.Array.newInstance(Ljava/lang/Class;I)Ljava/lang/Object; @ 2

Classes redefined (0 events):
No events

Internal exceptions (10 events):
Event: 2.354 Thread 0x0000014673784000 Exception <a 'java/lang/NoSuchMethodError': java.lang.Object.from(Ljava/lang/Object;)Lreactor/core/Scannable;> (0x000000076cb064d0) thrown at [C:\jenkins\workspace\8-2-build-windows-amd64-cygwin\jdk8u301\1513\hotspot\src\share\vm\interpreter\linkResolver.
Event: 2.386 Thread 0x0000014673784000 Exception <a 'java/lang/NoSuchMethodError': java.lang.Object.lambda$byAnnotation$0(Ljava/lang/Class;Ljava/lang/Class;)Z> (0x000000076cecdfb8) thrown at [C:\jenkins\workspace\8-2-build-windows-amd64-cygwin\jdk8u301\1513\hotspot\src\share\vm\interpreter\lin
Event: 2.474 Thread 0x0000014673784000 Exception <a 'java/lang/ClassNotFoundException': java/lang/ObjectCustomizer> (0x000000076dc56838) thrown at [C:\jenkins\workspace\8-2-build-windows-amd64-cygwin\jdk8u301\1513\hotspot\src\share\vm\classfile\systemDictionary.cpp, line 212]
Event: 2.475 Thread 0x0000014673784000 Exception <a 'java/lang/ClassNotFoundException': org/springframework/web/reactive/config/WebFluxConfigurationSupportCustomizer> (0x000000076dc7f878) thrown at [C:\jenkins\workspace\8-2-build-windows-amd64-cygwin\jdk8u301\1513\hotspot\src\share\vm\classfil
Event: 2.475 Thread 0x0000014673784000 Exception <a 'java/lang/ClassNotFoundException': org/springframework/web/reactive/config/DelegatingWebFluxConfigurationCustomizer> (0x000000076dcb6aa0) thrown at [C:\jenkins\workspace\8-2-build-windows-amd64-cygwin\jdk8u301\1513\hotspot\src\share\vm\class
Event: 2.476 Thread 0x0000014673784000 Exception <a 'java/lang/ClassNotFoundException': org/springframework/boot/autoconfigure/web/reactive/WebFluxAutoConfiguration$EnableWebFluxConfigurationCustomizer> (0x000000076dced0e8) thrown at [C:\jenkins\workspace\8-2-build-windows-amd64-cygwin\jdk8u30
Event: 2.476 Thread 0x0000014673784000 Exception <a 'java/lang/ClassNotFoundException': org/springframework/context/ApplicationContextAwareCustomizer> (0x000000076dd172c0) thrown at [C:\jenkins\workspace\8-2-build-windows-amd64-cygwin\jdk8u301\1513\hotspot\src\share\vm\classfile\systemDictiona
Event: 2.476 Thread 0x0000014673784000 Exception <a 'java/lang/ClassNotFoundException': org/springframework/beans/factory/AwareCustomizer> (0x000000076dd32f28) thrown at [C:\jenkins\workspace\8-2-build-windows-amd64-cygwin\jdk8u301\1513\hotspot\src\share\vm\classfile\systemDictionary.cpp, line
Event: 2.542 Thread 0x0000014673784000 Exception <a 'java/lang/IncompatibleClassChangeError': Found class java.lang.Object, but interface was expected> (0x000000076e85a890) thrown at [C:\jenkins\workspace\8-2-build-windows-amd64-cygwin\jdk8u301\1513\hotspot\src\share\vm\interpreter\linkResolve
Event: 2.591 Thread 0x0000014673784000 Exception <a 'java/lang/IncompatibleClassChangeError': Found class java.lang.Object, but interface was expected> (0x000000076ef7af58) thrown at [C:\jenkins\workspace\8-2-build-windows-amd64-cygwin\jdk8u301\1513\hotspot\src\share\vm\interpreter\linkResolve

Events (10 events):
Event: 2.752 loading class org/springframework/beans/factory/annotation/AutowiredAnnotationBeanPostProcessor$AutowiredFieldElement
Event: 2.752 loading class org/springframework/beans/factory/annotation/AutowiredAnnotationBeanPostProcessor$AutowiredFieldElement done
Event: 2.753 loading class org/springframework/core/SerializableTypeWrapper$FieldTypeProvider
Event: 2.753 loading class org/springframework/core/SerializableTypeWrapper$FieldTypeProvider done
Event: 2.754 loading class org/springframework/beans/factory/annotation/AutowiredAnnotationBeanPostProcessor$ShortcutDependencyDescriptor
Event: 2.754 loading class org/springframework/beans/factory/annotation/AutowiredAnnotationBeanPostProcessor$ShortcutDependencyDescriptor done
Event: 2.756 loading class org/springframework/core/convert/support/StringToNumberConverterFactory$StringToNumber
Event: 2.756 loading class org/springframework/core/convert/support/StringToNumberConverterFactory$StringToNumber done
Event: 2.756 loading class sun/reflect/UnsafeIntegerFieldAccessorImpl
Event: 2.756 loading class sun/reflect/UnsafeIntegerFieldAccessorImpl done


Dynamic libraries:
0x00007ff635780000 - 0x00007ff6357c7000 	C:\Program Files\Java\jdk1.8.0_301\bin\java.exe
0x00007ff9a0590000 - 0x00007ff9a0785000 	C:\Windows\SYSTEM32\ntdll.dll
0x00007ff99e5e0000 - 0x00007ff99e69e000 	C:\Windows\System32\KERNEL32.DLL
0x00007ff99dca0000 - 0x00007ff99df68000 	C:\Windows\System32\KERNELBASE.dll
0x00007ff99ea90000 - 0x00007ff99eb3e000 	C:\Windows\System32\ADVAPI32.dll
0x00007ff9a0400000 - 0x00007ff9a049e000 	C:\Windows\System32\msvcrt.dll
0x00007ff99eeb0000 - 0x00007ff99ef4c000 	C:\Windows\System32\sechost.dll
0x00007ff99fed0000 - 0x00007ff99fff5000 	C:\Windows\System32\RPCRT4.dll
0x00007ff99e6a0000 - 0x00007ff99e840000 	C:\Windows\System32\USER32.dll
0x00007ff99e200000 - 0x00007ff99e222000 	C:\Windows\System32\win32u.dll
0x00007ff9a0360000 - 0x00007ff9a038b000 	C:\Windows\System32\GDI32.dll
0x00007ff99e330000 - 0x00007ff99e43d000 	C:\Windows\System32\gdi32full.dll
0x00007ff99e4b0000 - 0x00007ff99e54d000 	C:\Windows\System32\msvcp_win.dll
0x00007ff99e100000 - 0x00007ff99e200000 	C:\Windows\System32\ucrtbase.dll
0x00007ff982b40000 - 0x00007ff982dda000 	C:\Windows\WinSxS\amd64_microsoft.windows.common-controls_6595b64144ccf1df_6.0.19041.1110_none_60b5254171f9507e\COMCTL32.dll
0x00007ff99ee80000 - 0x00007ff99eeb0000 	C:\Windows\System32\IMM32.DLL
0x00007ff991070000 - 0x00007ff991085000 	C:\Program Files\Java\jdk1.8.0_301\jre\bin\vcruntime140.dll
0x00007ff97c700000 - 0x00007ff97c79b000 	C:\Program Files\Java\jdk1.8.0_301\jre\bin\msvcp140.dll
0x000000005b300000 - 0x000000005bb60000 	C:\Program Files\Java\jdk1.8.0_301\jre\bin\server\jvm.dll
0x00007ff99efe0000 - 0x00007ff99efe8000 	C:\Windows\System32\PSAPI.DLL
0x00007ff9905e0000 - 0x00007ff9905ea000 	C:\Windows\SYSTEM32\VERSION.dll
0x00007ff97af30000 - 0x00007ff97af39000 	C:\Windows\SYSTEM32\WSOCK32.dll
0x00007ff99eff0000 - 0x00007ff99f05b000 	C:\Windows\System32\WS2_32.dll
0x00007ff97e390000 - 0x00007ff97e3b7000 	C:\Windows\SYSTEM32\WINMM.dll
0x00007ff99c500000 - 0x00007ff99c512000 	C:\Windows\SYSTEM32\kernel.appcore.dll
0x00007ff9930e0000 - 0x00007ff9930f0000 	C:\Program Files\Java\jdk1.8.0_301\jre\bin\verify.dll
0x00007ff97cce0000 - 0x00007ff97cd0b000 	C:\Program Files\Java\jdk1.8.0_301\jre\bin\java.dll
0x00007ff97c670000 - 0x00007ff97c6a0000 	C:\Program Files\Java\jdk1.8.0_301\jre\bin\instrument.dll
0x00007ff97c6e0000 - 0x00007ff97c6f8000 	C:\Program Files\Java\jdk1.8.0_301\jre\bin\zip.dll
0x00007ff99f190000 - 0x00007ff99f8d4000 	C:\Windows\System32\SHELL32.dll
0x00007ff99bcc0000 - 0x00007ff99c454000 	C:\Windows\SYSTEM32\windows.storage.dll
0x00007ff9a0000000 - 0x00007ff9a0355000 	C:\Windows\System32\combase.dll
0x00007ff99d6f0000 - 0x00007ff99d71e000 	C:\Windows\SYSTEM32\Wldp.dll
0x00007ff9a04a0000 - 0x00007ff9a054d000 	C:\Windows\System32\SHCORE.dll
0x00007ff9a03a0000 - 0x00007ff9a03f5000 	C:\Windows\System32\shlwapi.dll
0x00007ff99dbe0000 - 0x00007ff99dbff000 	C:\Windows\SYSTEM32\profapi.dll
0x00007ff97c650000 - 0x00007ff97c66a000 	C:\Program Files\JetBrains\IntelliJ IDEA Community Edition 2021.2.2\bin\breakgen64.dll
0x00007ff97c6c0000 - 0x00007ff97c6dc000 	C:\Program Files\Java\jdk1.8.0_301\jre\bin\net.dll
0x00007ff99d450000 - 0x00007ff99d4ba000 	C:\Windows\system32\mswsock.dll
0x00007ff99d0f0000 - 0x00007ff99d12b000 	C:\Windows\SYSTEM32\IPHLPAPI.DLL
0x00007ff9a0390000 - 0x00007ff9a0398000 	C:\Windows\System32\NSI.dll
0x00007ff9905b0000 - 0x00007ff9905c7000 	C:\Windows\SYSTEM32\dhcpcsvc6.DLL
0x00007ff990b40000 - 0x00007ff990b5d000 	C:\Windows\SYSTEM32\dhcpcsvc.DLL
0x00007ff99d140000 - 0x00007ff99d20b000 	C:\Windows\SYSTEM32\DNSAPI.dll
0x00007ff990a60000 - 0x00007ff990a6a000 	C:\Windows\System32\rasadhlp.dll
0x00007ff98ad40000 - 0x00007ff98adbf000 	C:\Windows\System32\fwpuclnt.dll
0x00007ff99e0d0000 - 0x00007ff99e0f7000 	C:\Windows\System32\bcrypt.dll
0x00007ff9918e0000 - 0x00007ff9918ed000 	C:\Program Files\Java\jdk1.8.0_301\jre\bin\management.dll
0x00007ff97ab40000 - 0x00007ff97ab57000 	C:\Windows\system32\napinsp.dll
0x00007ff97ab20000 - 0x00007ff97ab3b000 	C:\Windows\system32\pnrpnsp.dll
0x00007ff994580000 - 0x00007ff994595000 	C:\Windows\system32\wshbth.dll
0x00007ff998f20000 - 0x00007ff998f3d000 	C:\Windows\system32\NLAapi.dll
0x00007ff97aad0000 - 0x00007ff97aae2000 	C:\Windows\System32\winrnr.dll
0x00007ff97c6a0000 - 0x00007ff97c6b3000 	C:\Program Files\Java\jdk1.8.0_301\jre\bin\nio.dll
0x00007ff99b880000 - 0x00007ff99ba64000 	C:\Windows\SYSTEM32\dbghelp.dll
0x00007ff99e550000 - 0x00007ff99e5d2000 	C:\Windows\System32\bcryptPrimitives.dll

VM Arguments:
jvm_args: -javaagent:C:\Program Files\JetBrains\IntelliJ IDEA Community Edition 2021.2.2\lib\idea_rt.jar=56290:C:\Program Files\JetBrains\IntelliJ IDEA Community Edition 2021.2.2\bin -Dfile.encoding=UTF-8 
java_command: com.antena.sampah.SampahApplication
java_class_path (initial): C:\Program Files\Java\jdk1.8.0_301\jre\lib\charsets.jar;C:\Program Files\Java\jdk1.8.0_301\jre\lib\deploy.jar;C:\Program Files\Java\jdk1.8.0_301\jre\lib\ext\access-bridge-64.jar;C:\Program Files\Java\jdk1.8.0_301\jre\lib\ext\cldrdata.jar;C:\Program Files\Java\jdk1.8.0_301\jre\lib\ext\dnsns.jar;C:\Program Files\Java\jdk1.8.0_301\jre\lib\ext\jaccess.jar;C:\Program Files\Java\jdk1.8.0_301\jre\lib\ext\jfxrt.jar;C:\Program Files\Java\jdk1.8.0_301\jre\lib\ext\localedata.jar;C:\Program Files\Java\jdk1.8.0_301\jre\lib\ext\nashorn.jar;C:\Program Files\Java\jdk1.8.0_301\jre\lib\ext\sunec.jar;C:\Program Files\Java\jdk1.8.0_301\jre\lib\ext\sunjce_provider.jar;C:\Program Files\Java\jdk1.8.0_301\jre\lib\ext\sunmscapi.jar;C:\Program Files\Java\jdk1.8.0_301\jre\lib\ext\sunpkcs11.jar;C:\Program Files\Java\jdk1.8.0_301\jre\lib\ext\zipfs.jar;C:\Program Files\Java\jdk1.8.0_301\jre\lib\javaws.jar;C:\Program Files\Java\jdk1.8.0_301\jre\lib\jce.jar;C:\Program Files\Java\jdk1.8.0_301\jre\lib\jfr.jar;C:\Program Files\Java\jdk1.8.0_301\jre\lib\jfxswt.jar;C:\Program Files\Java\jdk1.8.0_301\jre\lib\jsse.jar;C:\Program Files\Java\jdk1.8.0_301\jre\lib\management-agent.jar;C:\Program Files\Java\jdk1.8.0_301\jre\lib\plugin.jar;C:\Program Files\Java\jdk1.8.0_301\jre\lib\resources.jar;C:\Program Files\Java\jdk1.8.0_301\jre\lib\rt.jar;D:\life\antena\repo\scg-project\sampah\target\classes;C:\Users\USER\.m2\repository\org\springframework\boot\spring-boot-starter-actuator\2.6.5\spring-boot-starter-actuator-2.6.5.jar;C:\Users\USER\.m2\repository\org\springframework\boot\spring-boot-starter\2.6.5\spring-boot-starter-2.6.5.jar;C:\Users\USER\.m2\repository\org\springframework\boot\spring-boot\2.6.5\spring-boot-2.6.5.jar;C:\Users\USER\.m2\repository\org\springframework\boot\spring-boot-autoconfigure\2.6.5\spring-boot-autoconfigure-2.6.5.jar;C:\Users\USER\.m2\repository\org\springframework\boot\spring-boot-starter-logging\2.6.5\spring-boot-starter-logging-2.6.5.jar;C:\Users\USER\.
Launcher Type: SUN_STANDARD

Environment Variables:
JAVA_HOME=C:\Program Files\Java\jdk1.8.0_301
PATH=C:\Program Files (x86)\Common Files\Intel\Shared Libraries\redist\intel64\compiler;C:\Program Files\Java\jdk1.8.0_301\bin;C:\Program Files (x86)\Common Files\Oracle\Java\javapath;C:\Windows\system32;C:\Windows;C:\Windows\System32\Wbem;C:\Windows\System32\WindowsPowerShell\v1.0\;C:\Windows\System32\OpenSSH\;C:\Program Files\Git\cmd;C:\Program Files\TortoiseSVN\bin;C:\Program Files\PuTTY\;C:\Program Files\nodejs\;C:\Program Files (x86)\apache-maven-3.8.3\bin;C:\flutter\bin;D:\office\blibli\tools\apache-zookeeper-3.7.0-bin\bin;C:\Program Files\Docker\Docker\resources\bin;C:\ProgramData\DockerDesktop\version-bin;C:\flutter\bin;C:\Program Files\dotnet\;C:\Users\USER\AppData\Local\Microsoft\WindowsApps;;C:\Program Files\Microsoft VS Code\bin;C:\Users\USER\AppData\Roaming\npm;C:\Users\USER\.dotnet\tools
USERNAME=USER
OS=Windows_NT
PROCESSOR_IDENTIFIER=Intel64 Family 6 Model 140 Stepping 1, GenuineIntel



---------------  S Y S T E M  ---------------

OS: Windows 10.0 , 64 bit Build 19041 (10.0.19041.1503)

CPU:total 8 (initial active 8) (4 cores per cpu, 2 threads per core) family 6 model 140 stepping 1, cmov, cx8, fxsr, mmx, sse, sse2, sse3, ssse3, sse4.1, sse4.2, popcnt, avx, avx2, aes, clmul, erms, 3dnowpref, lzcnt, ht, tsc, tscinvbit, bmi1, bmi2, adx

Memory: 4k page, physical 16571704k(1568072k free), swap 30993180k(6400k free)

vm_info: Java HotSpot(TM) 64-Bit Server VM (25.301-b09) for windows-amd64 JRE (1.8.0_301-b09), built on Jun  9 2021 06:46:21 by "java_re" with MS VC++ 15.9 (VS2017)

time: Mon Mar 28 17:17:21 2022
timezone: SE Asia Standard Time
elapsed time: 2.887097 seconds (0d 0h 0m 2s)

